Traceback (most recent call last):
  File "/opt/hostedtoolcache/Python/3.8.18/x64/lib/python3.8/site-packages/jupyter_cache/executors/utils.py", line 58, in single_nb_execution
    executenb(
  File "/opt/hostedtoolcache/Python/3.8.18/x64/lib/python3.8/site-packages/nbclient/client.py", line 1305, in execute
    return NotebookClient(nb=nb, resources=resources, km=km, **kwargs).execute()
  File "/opt/hostedtoolcache/Python/3.8.18/x64/lib/python3.8/site-packages/jupyter_core/utils/__init__.py", line 165, in wrapped
    return loop.run_until_complete(inner)
  File "/opt/hostedtoolcache/Python/3.8.18/x64/lib/python3.8/asyncio/base_events.py", line 616, in run_until_complete
    return future.result()
  File "/opt/hostedtoolcache/Python/3.8.18/x64/lib/python3.8/site-packages/nbclient/client.py", line 705, in async_execute
    await self.async_execute_cell(
  File "/opt/hostedtoolcache/Python/3.8.18/x64/lib/python3.8/site-packages/nbclient/client.py", line 1058, in async_execute_cell
    await self._check_raise_for_error(cell, cell_index, exec_reply)
  File "/opt/hostedtoolcache/Python/3.8.18/x64/lib/python3.8/site-packages/nbclient/client.py", line 914, in _check_raise_for_error
    raise CellExecutionError.from_cell_and_msg(cell, exec_reply_content)
nbclient.exceptions.CellExecutionError: An error occurred while executing the following cell:
------------------
% simulate frequency encoding
N = 8;
Mxy= ones(N+1,N+1);

x = [-N/2:N/2];
[x,y] = meshgrid(x,x);
Splot = 0.5;

kFE = 1/2;
dt = 0.1;
Tfe = 2;

GAMMA = 42.58;


for tfe = linspace(0,1,6)*Tfe
    phase_x = 2*pi*kFE*x *tfe/Tfe;
        
    Mxy_FE = Mxy .* exp(i*phase_x);
        
    figure
    subplot(121), plot([0:dt:Tfe+dt],  [0, ones(1,Tfe/dt)*kFE/(Tfe/dt), 0], tfe*ones(1,2), [-0.05 0.05]), ylabel('G_X')
    title('Frequency Encoding')
    subplot(122)
    quiver(x-real(Mxy_FE)*Splot/2,y-imag(Mxy_FE)*Splot/2,real(Mxy_FE), imag(Mxy_FE), Splot)
    xlabel('x'), ylabel('y')
    xlim([-N/2-1, N/2+1])
    ylim([-N/2-1, N/2+1])
    title('M_{XY}')
    drawnow
end


------------------


[0;36m  Cell [0;32mIn[1], line 5[0;36m[0m
[0;31m    x = [-N/2:N/2];[0m
[0m             ^[0m
[0;31mSyntaxError[0m[0;31m:[0m invalid syntax


